Thu May 25 15:02:25 CST 2017  [debug] AvalonLogSystem initialized using logfile 'D:\GitHub\Demo\.metadata\.plugins\com.genuitec.eclipse.templates\velocity.log'
Thu May 25 15:02:25 CST 2017   [info] ************************************************************** 
Thu May 25 15:02:25 CST 2017   [info] Starting Jakarta Velocity v1.4
Thu May 25 15:02:25 CST 2017   [info] RuntimeInstance initializing.
Thu May 25 15:02:25 CST 2017   [info] Default Properties File: org\apache\velocity\runtime\defaults\velocity.properties
Thu May 25 15:02:25 CST 2017   [info] Trying to use logger class org.apache.velocity.runtime.log.AvalonLogSystem
Thu May 25 15:02:25 CST 2017   [info] Using logger class org.apache.velocity.runtime.log.AvalonLogSystem
Thu May 25 15:02:25 CST 2017   [info] Default ResourceManager initializing. (class org.apache.velocity.runtime.resource.ResourceManagerImpl)
Thu May 25 15:02:25 CST 2017   [info] Resource Loader Instantiated: com.genuitec.eclipse.templates.internal.PluginResourceLoader
Thu May 25 15:02:25 CST 2017   [info] ResourceCache : initialized. (class org.apache.velocity.runtime.resource.ResourceCacheImpl)
Thu May 25 15:02:25 CST 2017   [info] Default ResourceManager initialization complete.
Thu May 25 15:02:25 CST 2017   [info] Loaded System Directive: org.apache.velocity.runtime.directive.Literal
Thu May 25 15:02:25 CST 2017   [info] Loaded System Directive: org.apache.velocity.runtime.directive.Macro
Thu May 25 15:02:25 CST 2017   [info] Loaded System Directive: org.apache.velocity.runtime.directive.Parse
Thu May 25 15:02:25 CST 2017   [info] Loaded System Directive: org.apache.velocity.runtime.directive.Include
Thu May 25 15:02:25 CST 2017   [info] Loaded System Directive: org.apache.velocity.runtime.directive.Foreach
Thu May 25 15:02:25 CST 2017   [info] Created: 20 parsers.
Thu May 25 15:02:25 CST 2017   [info] Velocimacro : initialization starting.
Thu May 25 15:02:25 CST 2017   [info] Velocimacro : adding VMs from VM library template : VM_global_library.vm
Thu May 25 15:02:25 CST 2017  [error] ResourceManager : unable to find resource 'VM_global_library.vm' in any resource loader.
Thu May 25 15:02:25 CST 2017   [info] Velocimacro : error using  VM library template VM_global_library.vm : org.apache.velocity.exception.ResourceNotFoundException: Unable to find resource 'VM_global_library.vm'
Thu May 25 15:02:25 CST 2017   [info] Velocimacro :  VM library template macro registration complete.
Thu May 25 15:02:25 CST 2017   [info] Velocimacro : allowInline = true : VMs can be defined inline in templates
Thu May 25 15:02:25 CST 2017   [info] Velocimacro : allowInlineToOverride = true : VMs defined inline may replace previous VM definitions
Thu May 25 15:02:25 CST 2017   [info] Velocimacro : allowInlineLocal = true : VMs defined inline will be local to their defining template only.
Thu May 25 15:02:25 CST 2017   [info] Velocimacro : messages on  : VM system will output logging messages
Thu May 25 15:02:25 CST 2017   [info] Velocimacro : autoload off  : VM system will not automatically reload global library macros
Thu May 25 15:02:25 CST 2017   [info] Velocimacro : initialization complete.
Thu May 25 15:02:25 CST 2017   [info] Velocity successfully started.
Thu May 25 15:02:25 CST 2017   [info] ResourceManager : found templates/html/Html.vtl with loader com.genuitec.eclipse.templates.internal.PluginResourceLoader
Thu May 25 15:02:25 CST 2017   [info] ResourceManager : found templates/html/HTMLMetaTags.vtl with loader com.genuitec.eclipse.templates.internal.PluginResourceLoader
